<?xml version="1.0" encoding="UTF-8"?>
<!-- Generated by org.testng.reporters.JUnitReportReporter -->
<testsuite hostname="DESKTOP-4DS910L" failures="0" tests="1" name="testscript.ManageProductTest" time="7.569" errors="0" timestamp="2025-01-01T12:50:55 IST" skipped="0">
  <testcase classname="testscript.ManageProductTest" name="deleteProduct" time="7.569"/>
</testsuite> <!-- testscript.ManageProductTest -->
