<?xml version="1.0" encoding="UTF-8"?>
<!-- Generated by org.testng.reporters.JUnitReportReporter -->
<testsuite hostname="DESKTOP-4DS910L" failures="0" tests="1" name="testscript.ManageFooterTest" time="23.232" errors="0" timestamp="2025-01-02T21:34:37 IST" skipped="0">
  <testcase classname="testscript.ManageFooterTest" name="editFooterTextDetails" time="23.232"/>
</testsuite> <!-- testscript.ManageFooterTest -->
