<?xml version="1.0" encoding="UTF-8"?>
<!-- Generated by org.testng.reporters.JUnitReportReporter -->
<testsuite hostname="DESKTOP-4DS910L" failures="0" tests="2" name="testscript.LoginTest" time="20.044" errors="0" timestamp="2025-01-24T21:58:37 IST" skipped="0">
  <testcase classname="testscript.LoginTest" name="verifyTheUserUnableToLoginUsingInvalidPassword" time="9.510"/>
  <testcase classname="testscript.LoginTest" name="verifyTheUserUnableToLoginUsingInvalidPassword" time="10.534"/>
</testsuite> <!-- testscript.LoginTest -->
