<?xml version="1.0" encoding="UTF-8"?>
<!-- Generated by org.testng.reporters.JUnitReportReporter -->
<testsuite hostname="DESKTOP-4DS910L" failures="0" tests="2" name="testscript.AdminUsersTest" time="27.885" errors="0" timestamp="2025-01-25T22:06:10 IST" skipped="0">
  <testcase classname="testscript.AdminUsersTest" name="VerfiyIfAnyUserCanBeDeletedFromTheAdminUsersPage" time="18.777"/>
  <testcase classname="testscript.AdminUsersTest" name="verfiyIfNewUserIsCreatedInTheAdminUsersPage" time="9.108"/>
</testsuite> <!-- testscript.AdminUsersTest -->
