<?xml version="1.0" encoding="UTF-8"?>
<!-- Generated by org.testng.reporters.JUnitReportReporter -->
<testsuite hostname="DESKTOP-4DS910L" failures="0" tests="1" name="testscript.ManageNewsTest" time="12.284" errors="0" timestamp="2025-01-13T21:37:51 IST" skipped="0">
  <testcase classname="testscript.ManageNewsTest" name="createNews" time="12.284"/>
</testsuite> <!-- testscript.ManageNewsTest -->
