<?xml version="1.0" encoding="UTF-8"?>
<!-- Generated by org.testng.reporters.JUnitReportReporter -->
<testsuite hostname="DESKTOP-4DS910L" failures="0" tests="1" name="testscript.ManageNewsTest" time="7.569" errors="0" timestamp="2025-01-25T22:06:10 IST" skipped="0">
  <testcase classname="testscript.ManageNewsTest" name="verifyToCreateNewsInManageNewsPage" time="7.569"/>
</testsuite> <!-- testscript.ManageNewsTest -->
