<?xml version="1.0" encoding="UTF-8"?>
<!-- Generated by org.testng.reporters.JUnitReportReporter -->
<testsuite hostname="DESKTOP-4DS910L" failures="0" tests="1" name="testscript.SubCategoryTest" time="14.028" errors="0" timestamp="2025-01-14T20:56:12 IST" skipped="0">
  <testcase classname="testscript.SubCategoryTest" name="verifyToAddSubCategoryDetailsInSubCategoryPage" time="14.028"/>
</testsuite> <!-- testscript.SubCategoryTest -->
