<?xml version="1.0" encoding="UTF-8"?>
<!-- Generated by org.testng.reporters.JUnitReportReporter -->
<testsuite hostname="DESKTOP-4DS910L" failures="0" tests="1" name="testscript.HomeTest" time="6.616" errors="0" timestamp="2025-01-22T22:15:34 IST" skipped="0">
  <testcase classname="testscript.HomeTest" name="checkIfUserCanlogOutFromHomePage" time="6.616"/>
</testsuite> <!-- testscript.HomeTest -->
