<?xml version="1.0" encoding="UTF-8"?>
<!-- Generated by org.testng.reporters.JUnitReportReporter -->
<testsuite hostname="DESKTOP-4DS910L" failures="0" tests="1" name="testscript.ManageContactTest" time="24.300" errors="0" timestamp="2025-01-14T21:48:49 IST" skipped="0">
  <testcase classname="testscript.ManageContactTest" name="verifyToEditContactUsDetailsInManageContactPage" time="24.300"/>
</testsuite> <!-- testscript.ManageContactTest -->
