<?xml version="1.0" encoding="UTF-8"?>
<!-- Generated by org.testng.reporters.JUnitReportReporter -->
<testsuite hostname="DESKTOP-4DS910L" failures="0" tests="1" name="testscript.ManageContactTest" time="9.175" errors="0" timestamp="2025-01-22T21:54:13 IST" skipped="0">
  <testcase classname="testscript.ManageContactTest" name="verifyToEditContactUsDetailsInManageContactPage" time="9.175"/>
</testsuite> <!-- testscript.ManageContactTest -->
