<?xml version="1.0" encoding="UTF-8"?>
<!-- Generated by org.testng.reporters.JUnitReportReporter -->
<testsuite hostname="DESKTOP-4DS910L" failures="0" tests="1" name="testscript.ManageFooterTest" time="6.883" errors="0" timestamp="2025-01-22T21:59:06 IST" skipped="0">
  <testcase classname="testscript.ManageFooterTest" name="checkIfUpdateButtonIsDispalyedInManageFooterPage" time="6.883"/>
</testsuite> <!-- testscript.ManageFooterTest -->
