<?xml version="1.0" encoding="UTF-8"?>
<!-- Generated by org.testng.reporters.JUnitReportReporter -->
<testsuite hostname="DESKTOP-4DS910L" failures="0" tests="2" name="testscript.AdminUsersTest" time="19.733" errors="0" timestamp="2025-01-24T21:59:35 IST" skipped="0">
  <testcase classname="testscript.AdminUsersTest" name="VerfiyIfAnyUserCanBeDeletedFromTheAdminUsersPage" time="9.966"/>
  <testcase classname="testscript.AdminUsersTest" name="verfiyIfNewUserIsCreatedInTheAdminUsersPage" time="9.767"/>
</testsuite> <!-- testscript.AdminUsersTest -->
