<?xml version="1.0" encoding="UTF-8"?>
<!-- Generated by org.testng.reporters.JUnitReportReporter -->
<testsuite hostname="DESKTOP-4DS910L" failures="0" tests="1" name="testscript.SubCategoryTest" time="10.215" errors="0" timestamp="2025-01-22T22:12:47 IST" skipped="0">
  <testcase classname="testscript.SubCategoryTest" name="verifyToAddSubCategoryDetailsInSubCategoryPage" time="10.215"/>
</testsuite> <!-- testscript.SubCategoryTest -->
