<?xml version="1.0" encoding="UTF-8"?>
<!-- Generated by org.testng.reporters.JUnitReportReporter -->
<testsuite hostname="DESKTOP-4DS910L" failures="0" tests="1" name="testscript.HomeTest" time="20.375" errors="0" timestamp="2025-01-15T20:49:47 IST" skipped="0">
  <testcase classname="testscript.HomeTest" name="checkIfUserCanlogOutFromHomePage" time="20.375"/>
</testsuite> <!-- testscript.HomeTest -->
