<?xml version="1.0" encoding="UTF-8"?>
<!-- Generated by org.testng.reporters.JUnitReportReporter -->
<testsuite hostname="DESKTOP-4DS910L" failures="0" tests="1" name="testscript.ManageProductTest" time="8.622" errors="0" timestamp="2025-01-22T22:08:29 IST" skipped="0">
  <testcase classname="testscript.ManageProductTest" name="verifyToDeleteProductInManageProductPage" time="8.622"/>
</testsuite> <!-- testscript.ManageProductTest -->
