<?xml version="1.0" encoding="UTF-8"?>
<!-- Generated by org.testng.reporters.JUnitReportReporter -->
<testsuite hostname="DESKTOP-4DS910L" failures="0" tests="1" name="testscript.ManageNewsTest" time="33.838" errors="0" timestamp="2025-01-24T21:59:35 IST" skipped="0">
  <testcase classname="testscript.ManageNewsTest" name="verifyToCreateNewsInManageNewsPage" time="33.838"/>
</testsuite> <!-- testscript.ManageNewsTest -->
