<?xml version="1.0" encoding="UTF-8"?>
<!-- Generated by org.testng.reporters.JUnitReportReporter -->
<testsuite hostname="DESKTOP-4DS910L" failures="0" tests="1" name="testscript.LoginTest" time="12.227" errors="0" timestamp="2025-01-16T21:23:51 IST" skipped="0">
  <testcase classname="testscript.LoginTest" name="verifyTheUserUnableToLoginUsingInvalidPassword" time="12.227"/>
</testsuite> <!-- testscript.LoginTest -->
