<?xml version="1.0" encoding="UTF-8"?>
<!-- Generated by org.testng.reporters.JUnitReportReporter -->
<testsuite hostname="DESKTOP-4DS910L" failures="0" tests="1" name="testscript.LoginTest" time="8.737" errors="0" timestamp="2025-01-16T20:51:12 IST" skipped="0">
  <testcase classname="testscript.LoginTest" name="verifyTheUserUnableToLoginUsingInvalidPassword" time="8.737"/>
</testsuite> <!-- testscript.LoginTest -->
